/*C1*/SET SCHEMA SYSTEM_LOBS
INSERT INTO BLOCKS VALUES(0,2147483647,0)
COMMIT
/*C11*/SET SCHEMA PUBLIC
drop table category if exists
drop table city if exists
drop table country if exists
drop table customer_order if exists
drop table login_role if exists
drop table order_detail if exists
drop table party if exists
drop table product if exists
drop table purchase_order if exists
drop table qcity if exists
drop table region if exists
drop table report if exists
drop table shipper if exists
drop table sold_product if exists
drop table store if exists
drop table store_suppliers if exists
drop table supplier if exists
drop table user_login if exists
drop table user_login_role if exists
create sequence seq_login_role start with 1 increment by 1
create sequence seq_user_login start with 1 increment by 1
create sequence seq_user_login_roles start with 1 increment by 1
create table category (id bigint generated by default as identity (start with 1), created_by varchar(255), created_date timestamp, description varchar(255), modified_by varchar(255), modified_date timestamp, name varchar(255), version integer, primary key (id))
create table city (id bigint generated by default as identity (start with 1), description varchar(255), version integer, region_id bigint, primary key (id))
create table country (id bigint generated by default as identity (start with 1), description varchar(255), version integer, primary key (id))
create table customer_order (id bigint generated by default as identity (start with 1), close_date timestamp, freight numeric(19,2), invoice_date timestamp, order_date timestamp, required_date timestamp, ship_address varchar(255), ship_name varchar(255), ship_phone varchar(255), ship_postal_code varchar(255), shipped_date timestamp, status varchar(255), version integer, city_id bigint, country_id bigint, customer_id bigint, employee_id bigint, region_id bigint, shipper_id bigint, primary key (id))
create table login_role (login_role_id bigint not null, description varchar(50) not null, name varchar(20) not null, version bigint, primary key (login_role_id))
create table order_detail (id bigint generated by default as identity (start with 1), discount numeric(19,2), quantity integer, unit_price numeric(19,2), version integer, customer_order_id bigint, product_id bigint, primary key (id))
create table party (dtype varchar(31) not null, id bigint generated by default as identity (start with 1), address varchar(255), phone varchar(255), postal_code varchar(255), version integer, company_name varchar(255), contact_name varchar(255), contact_title varchar(255), email varchar(255), fax varchar(255), city_id bigint, country_id bigint, region_id bigint, primary key (id))
create table product (id bigint generated by default as identity (start with 1), code varchar(255), discontinued boolean, name varchar(255), quantity_per_unit varchar(255), reorder_level integer, unit_cost numeric(19,2), unit_price numeric(19,2), units_in_stock integer, version integer, category_id bigint, supplier_id bigint, primary key (id))
create table purchase_order (id bigint generated by default as identity (start with 1), order_date timestamp, quantity integer, unit_cost numeric(19,2), version integer, employee_id bigint, product_id bigint, primary key (id))
create table qcity (id bigint generated by default as identity (start with 1), description varchar(255), version integer, region_id bigint, primary key (id))
create table region (id bigint generated by default as identity (start with 1), description varchar(255), version integer, country_id bigint, primary key (id))
create table report (id bigint generated by default as identity (start with 1), type varchar(255), version integer, primary key (id))
create table shipper (id bigint generated by default as identity (start with 1), company_name varchar(255), phone varchar(255), version integer, primary key (id))
create table sold_product (id bigint generated by default as identity (start with 1), version integer, primary key (id))
create table store (id bigint generated by default as identity (start with 1), address varchar(255), name varchar(255), phone varchar(255), postal_code varchar(255), version integer, city_id bigint, country_id bigint, region_id bigint, primary key (id))
create table store_suppliers (stores_id bigint not null, suppliers_id bigint not null, primary key (stores_id, suppliers_id))
create table supplier (id bigint generated by default as identity (start with 1), address varchar(255), contact_name varchar(255), contact_title varchar(255), fax varchar(255), name varchar(255), phone varchar(255), postal_code varchar(255), version integer, webaddress varchar(255), city_id bigint, country_id bigint, region_id bigint, primary key (id))
create table user_login (user_login_id bigint not null, from_date timestamp not null, locked boolean, need_change_password boolean, password varchar(255) not null, thru_date timestamp, username varchar(30) not null, version bigint, primary key (user_login_id))
create table user_login_role (user_login_role_id bigint not null, version bigint, login_role bigint not null, user_login bigint not null, primary key (user_login_role_id))
alter table login_role add constraint UK_fbm2l52abvrgpu4sujd1nnv5w unique (name)
alter table user_login add constraint UK_i7tt0xma046ma8ohj9utt63gw unique (username)
alter table city add constraint FKsi0dkm9kk6dyuedmc0j18t770 foreign key (region_id) references region
alter table customer_order add constraint FKq45n7n6sn4087erwp5jk2bai8 foreign key (city_id) references city
alter table customer_order add constraint FKg4c31odf8og7lwqfufkaecqha foreign key (country_id) references country
alter table customer_order add constraint FKr36xl4s2i7fa4rdlwwfog6poo foreign key (customer_id) references party
alter table customer_order add constraint FK2wos9k5bare8ciiofwq556dfo foreign key (employee_id) references party
alter table customer_order add constraint FK906ye9k7sdll9mav6sd247241 foreign key (region_id) references region
alter table customer_order add constraint FKo1cpcudof0u4cnnjt1cjqvn0y foreign key (shipper_id) references shipper
alter table order_detail add constraint FKdrhjbfo2ihc2wdkmaajtodsqh foreign key (customer_order_id) references customer_order
alter table order_detail add constraint FKb8bg2bkty0oksa3wiq5mp5qnc foreign key (product_id) references product
alter table party add constraint FKj60becj404hy5mmnmeywhtonv foreign key (city_id) references city
alter table party add constraint FK68ltbpq1kvmgiya7b8t8hjkuu foreign key (country_id) references country
alter table party add constraint FKqm645eqaafpglp0jt57e4cdkx foreign key (region_id) references region
alter table product add constraint FK1mtsbur82frn64de7balymq9s foreign key (category_id) references category
alter table product add constraint FK2kxvbr72tmtscjvyp9yqb12by foreign key (supplier_id) references supplier
alter table purchase_order add constraint FKb5rr172q94mtihsf45rxcp713 foreign key (employee_id) references party
alter table purchase_order add constraint FKorudvkngcr1iy3dkrnfqxgy6n foreign key (product_id) references product
alter table qcity add constraint FKc96cbkpjopx9wbqpb8sfgdpfe foreign key (region_id) references region
alter table region add constraint FK7vb2cqcnkr9391hfn72louxkq foreign key (country_id) references country
alter table store add constraint FK5gf6vg5g9b0js56hmdhb9pcnn foreign key (city_id) references city
alter table store add constraint FK68x42pt4khc9bvu44y47e0n7j foreign key (country_id) references country
alter table store add constraint FKiecbc1b9m21semcf714lasyi5 foreign key (region_id) references region
alter table store_suppliers add constraint FK64cm6u8pyc5jhauidnt4k182f foreign key (suppliers_id) references supplier
alter table store_suppliers add constraint FK47n6yt5ng7vb82kqln9yly62k foreign key (stores_id) references store
alter table supplier add constraint FKy2bgi7vmhw7e888aif4xylly foreign key (city_id) references city
alter table supplier add constraint FKdp2i9p8sxew7tj0dksty5dw4t foreign key (country_id) references country
alter table supplier add constraint FKcy8jlwqmu9m7ycl3tcls157fc foreign key (region_id) references region
alter table user_login_role add constraint FKnesv3dq059opj8lqrccx9xqng foreign key (login_role) references login_role
alter table user_login_role add constraint FKdgx2jem45blrlvy7njk5lc9g2 foreign key (user_login) references user_login
